#
# A fatal error has been detected by the Java Runtime Environment:
#
#  EXCEPTION_ACCESS_VIOLATION (0xc0000005) at pc=0x6ed1cf9f, pid=6636, tid=0x000001f4
#
# JRE version: Java(TM) SE Runtime Environment (8.0_221-b11) (build 1.8.0_221-b11)
# Java VM: Java HotSpot(TM) Client VM (25.221-b11 mixed mode windows-x86 )
# Problematic frame:
# V  [jvm.dll+0xacf9f]
#
# Failed to write core dump. Minidumps are not enabled by default on client versions of Windows
#
# If you would like to submit a bug report, please visit:
#   http://bugreport.java.com/bugreport/crash.jsp
#

---------------  T H R E A D  ---------------

Current thread (0x15151000):  VMThread [stack: 0x15350000,0x153a0000] [id=500]

siginfo: ExceptionCode=0xc0000005, reading address 0x14ff6af0

Registers:
EAX=0x14ff6af0, EBX=0x1539f3e8, ECX=0x14f2c660, EDX=0x14f2cad8
ESP=0x1539f290, EBP=0x1539f290, ESI=0x14f2c660, EDI=0x00000042
EIP=0x6ed1cf9f, EFLAGS=0x00010202

Top of Stack: (sp=0x1539f290)
0x1539f290:   1539f2d0 6ed2397e 0000ca01 00000000
0x1539f2a0:   1539f308 1539f3e8 0000004b 0000004b
0x1539f2b0:   14f2c8a0 1539f2d0 6ecc63f3 1539f308
0x1539f2c0:   14f2c8a0 1539f3e8 14f2c8a0 49f9a358
0x1539f2d0:   1539f2f0 6ed25453 00000000 00000000
0x1539f2e0:   0000ca01 00000042 02b773e0 1539f3e8
0x1539f2f0:   1539f338 6ed2621c 1539f308 02b772a0
0x1539f300:   1539f3e8 00000000 14f2c8a0 15151000 

Instructions: (pc=0x6ed1cf9f)
0x6ed1cf7f:   cc 55 8b ec 80 7d 0c 00 8b 45 08 75 23 8b 51 08
0x6ed1cf8f:   85 d2 74 1c 85 c0 79 02 f7 d0 03 c0 8d 44 c2 08
0x6ed1cf9f:   8b 00 25 ff ff 00 00 0f b7 44 81 2e 5d c2 08 00
0x6ed1cfaf:   8b 51 04 80 7c 02 04 12 8d 54 02 04 0f b7 44 81 


Register to memory mapping:

EAX=0x14ff6af0 is an unknown value
EBX=0x1539f3e8 is an unknown value
ECX=0x14f2c660 is pointing into metadata
EDX=0x14f2cad8 is pointing into metadata
ESP=0x1539f290 is an unknown value
EBP=0x1539f290 is an unknown value
ESI=0x14f2c660 is pointing into metadata
EDI=0x00000042 is an unknown value


Stack: [0x15350000,0x153a0000],  sp=0x1539f290,  free space=316k
Native frames: (J=compiled Java code, j=interpreted, Vv=VM code, C=native code)
V  [jvm.dll+0xacf9f]
V  [jvm.dll+0xb397e]
V  [jvm.dll+0xb5453]
V  [jvm.dll+0xb621c]
V  [jvm.dll+0xb6592]
V  [jvm.dll+0x87821]
V  [jvm.dll+0x87e9d]
V  [jvm.dll+0x87fe8]
V  [jvm.dll+0x88238]
V  [jvm.dll+0xbea1f]
V  [jvm.dll+0xce7ab]
V  [jvm.dll+0x12378d]
V  [jvm.dll+0x184f6b]
V  [jvm.dll+0x184371]
V  [jvm.dll+0x184787]
V  [jvm.dll+0x184982]
V  [jvm.dll+0x1c6b66]
C  [msvcr100.dll+0x5c556]
C  [msvcr100.dll+0x5c600]
C  [KERNEL32.DLL+0x1fa29]
C  [ntdll.dll+0x67a9e]
C  [ntdll.dll+0x67a6e]

VM_Operation (0x15aff858): GetOrSetLocal, mode: safepoint, requested by thread 0x151c1c00


---------------  P R O C E S S  ---------------

Java Threads: ( => current thread )
  0x15231000 JavaThread "Service Thread" daemon [_thread_blocked, id=10052, stack(0x15cf0000,0x15d40000)]
  0x1522dc00 JavaThread "C1 CompilerThread0" daemon [_thread_blocked, id=4868, stack(0x15c60000,0x15cb0000)]
  0x151c6400 JavaThread "JDWP Command Reader" daemon [_thread_in_native, id=2492, stack(0x15bd0000,0x15c20000)]
  0x151c3000 JavaThread "JDWP Event Helper Thread" daemon [_thread_blocked, id=1564, stack(0x15b40000,0x15b90000)]
  0x151c1c00 JavaThread "JDWP Transport Listener: dt_socket" daemon [_thread_blocked, id=1640, stack(0x15ab0000,0x15b00000)]
  0x151b3000 JavaThread "Attach Listener" daemon [_thread_blocked, id=12172, stack(0x155f0000,0x15640000)]
  0x15187800 JavaThread "Signal Dispatcher" daemon [_thread_blocked, id=14452, stack(0x15560000,0x155b0000)]
  0x15169000 JavaThread "Finalizer" daemon [_thread_blocked, id=1708, stack(0x15470000,0x154c0000)]
  0x15166c00 JavaThread "Reference Handler" daemon [_thread_blocked, id=3932, stack(0x153e0000,0x15430000)]
  0x00d5dc00 JavaThread "main" [_thread_blocked, id=15548, stack(0x02530000,0x02580000)]

Other Threads:
=>0x15151000 VMThread [stack: 0x15350000,0x153a0000] [id=500]
  0x15269c00 WatcherThread [stack: 0x15d80000,0x15dd0000] [id=9324]

VM state:at safepoint (normal execution)

VM Mutex/Monitor currently owned by a thread:  ([mutex/lock_event])
[0x00d5c660] Threads_lock - owner thread: 0x15151000

Heap:
 def new generation   total 4928K, used 2055K [0x04c00000, 0x05150000, 0x0a150000)
  eden space 4416K,  46% used [0x04c00000, 0x04e01cd8, 0x05050000)
  from space 512K,   0% used [0x05050000, 0x05050000, 0x050d0000)
  to   space 512K,   0% used [0x050d0000, 0x050d0000, 0x05150000)
 tenured generation   total 10944K, used 0K [0x0a150000, 0x0ac00000, 0x14c00000)
   the space 10944K,   0% used [0x0a150000, 0x0a150000, 0x0a150200, 0x0ac00000)
 Metaspace       used 2202K, capacity 2312K, committed 2368K, reserved 4480K

Card table byte_map: [0x14c00000,0x14c90000] byte_map_base: 0x14bda000

Polling page: 0x00d60000

CodeCache: size=32768Kb used=672Kb max_used=672Kb free=32095Kb
 bounds [0x02c00000, 0x02cb0000, 0x04c00000]
 total_blobs=153 nmethods=18 adapters=75
 compilation: enabled

Compilation events (10 events):
Event: 0.316 Thread 0x1522dc00   14             java.lang.AbstractStringBuilder::append (29 bytes)
Event: 0.316 Thread 0x1522dc00 nmethod 14 0x02ca6fc8 code [0x02ca70e0, 0x02ca72e8]
Event: 0.316 Thread 0x1522dc00   15             java.lang.String::charAt (29 bytes)
Event: 0.317 Thread 0x1522dc00 nmethod 15 0x02ca7488 code [0x02ca75a0, 0x02ca769c]
Event: 0.317 Thread 0x1522dc00   16             java.lang.AbstractStringBuilder::ensureCapacityInternal (27 bytes)
Event: 0.317 Thread 0x1522dc00 nmethod 16 0x02ca7788 code [0x02ca78a0, 0x02ca7a68]
Event: 0.318 Thread 0x1522dc00   17             java.lang.String::startsWith (7 bytes)
Event: 0.318 Thread 0x1522dc00 nmethod 17 0x02ca7b88 code [0x02ca7c80, 0x02ca7d2c]
Event: 0.318 Thread 0x1522dc00   18             sun.misc.MetaIndex::mayContain (51 bytes)
Event: 0.319 Thread 0x1522dc00 nmethod 18 0x02ca7d88 code [0x02ca7eb0, 0x02ca8038]

GC Heap History (0 events):
No events

Deoptimization events (0 events):
No events

Classes redefined (6 events):
Event: 53.853 Thread 0x15151000 redefined class name=removeNthFromEnd$MainClass, count=1
Event: 53.853 Thread 0x15151000 redefined class name=removeNthFromEnd$ListNode, count=1
Event: 53.853 Thread 0x15151000 redefined class name=removeNthFromEnd, count=1
Event: 215.486 Thread 0x15151000 redefined class name=removeNthFromEnd$MainClass, count=2
Event: 215.486 Thread 0x15151000 redefined class name=removeNthFromEnd$ListNode, count=2
Event: 215.486 Thread 0x15151000 redefined class name=removeNthFromEnd, count=2

Internal exceptions (2 events):
Event: 0.071 Thread 0x00d5dc00 Exception <a 'java/lang/NoSuchMethodError': Method sun.misc.Unsafe.defineClass(Ljava/lang/String;[BII)Ljava/lang/Class; name or signature does not match> (0x04c06eb0) thrown at [C:\re\workspace\8-2-build-windows-i586-cygwin\jdk8u221\13320\hotspot\src\shar
Event: 0.072 Thread 0x00d5dc00 Exception <a 'java/lang/NoSuchMethodError': Method sun.misc.Unsafe.prefetchRead(Ljava/lang/Object;J)V name or signature does not match> (0x04c07180) thrown at [C:\re\workspace\8-2-build-windows-i586-cygwin\jdk8u221\13320\hotspot\src\share\vm\prims\jni.cpp

Events (10 events):
Event: 124.654 Executing VM operation: ChangeBreakpoints done
Event: 125.860 Executing VM operation: ChangeBreakpoints
Event: 125.860 Executing VM operation: ChangeBreakpoints done
Event: 126.723 Executing VM operation: ChangeBreakpoints
Event: 126.723 Executing VM operation: ChangeBreakpoints done
Event: 215.485 Executing VM operation: RedefineClasses
Event: 215.486 Executing VM operation: RedefineClasses done
Event: 215.553 Executing VM operation: ChangeBreakpoints
Event: 215.553 Executing VM operation: ChangeBreakpoints done
Event: 215.601 Executing VM operation: GetOrSetLocal


Dynamic libraries:
0x00250000 - 0x00283000 	D:\SOFTWARE\jdk8\bin\java.exe
0x779f0000 - 0x77b93000 	C:\WINDOWS\SYSTEM32\ntdll.dll
0x77370000 - 0x77460000 	C:\WINDOWS\System32\KERNEL32.DLL
0x77730000 - 0x77944000 	C:\WINDOWS\System32\KERNELBASE.dll
0x752f0000 - 0x7538f000 	C:\WINDOWS\SYSTEM32\apphelp.dll
0x76460000 - 0x764da000 	C:\WINDOWS\System32\ADVAPI32.dll
0x75a00000 - 0x75abf000 	C:\WINDOWS\System32\msvcrt.dll
0x772f0000 - 0x77365000 	C:\WINDOWS\System32\sechost.dll
0x76390000 - 0x7644f000 	C:\WINDOWS\System32\RPCRT4.dll
0x76f70000 - 0x77110000 	C:\WINDOWS\System32\USER32.dll
0x77710000 - 0x77728000 	C:\WINDOWS\System32\win32u.dll
0x77950000 - 0x77974000 	C:\WINDOWS\System32\GDI32.dll
0x76cc0000 - 0x76d9e000 	C:\WINDOWS\System32\gdi32full.dll
0x761e0000 - 0x7625b000 	C:\WINDOWS\System32\msvcp_win.dll
0x758e0000 - 0x75a00000 	C:\WINDOWS\System32\ucrtbase.dll
0x6fd90000 - 0x6ffa0000 	C:\WINDOWS\WinSxS\x86_microsoft.windows.common-controls_6595b64144ccf1df_6.0.19041.1110_none_a8625c1886757984\COMCTL32.dll
0x758b0000 - 0x758d5000 	C:\WINDOWS\System32\IMM32.DLL
0x70800000 - 0x708bf000 	D:\SOFTWARE\jdk8\jre\bin\msvcr100.dll
0x6ec70000 - 0x6f045000 	D:\SOFTWARE\jdk8\jre\bin\client\jvm.dll
0x77700000 - 0x77706000 	C:\WINDOWS\System32\PSAPI.DLL
0x744c0000 - 0x744c8000 	C:\WINDOWS\SYSTEM32\WSOCK32.dll
0x77580000 - 0x775e3000 	C:\WINDOWS\System32\WS2_32.dll
0x749c0000 - 0x749e8000 	C:\WINDOWS\SYSTEM32\WINMM.dll
0x73850000 - 0x73858000 	C:\WINDOWS\SYSTEM32\VERSION.dll
0x72da0000 - 0x72dac000 	D:\SOFTWARE\jdk8\jre\bin\verify.dll
0x72d70000 - 0x72d91000 	D:\SOFTWARE\jdk8\jre\bin\java.dll
0x72d40000 - 0x72d6b000 	D:\SOFTWARE\jdk8\jre\bin\jdwp.dll
0x70a00000 - 0x70a07000 	D:\SOFTWARE\jdk8\jre\bin\npt.dll
0x707a0000 - 0x707c0000 	D:\SOFTWARE\jdk8\jre\bin\instrument.dll
0x707e0000 - 0x707f4000 	D:\SOFTWARE\jdk8\jre\bin\zip.dll
0x75c20000 - 0x761d6000 	C:\WINDOWS\System32\SHELL32.dll
0x73e80000 - 0x7448c000 	C:\WINDOWS\SYSTEM32\windows.storage.dll
0x764e0000 - 0x76761000 	C:\WINDOWS\System32\combase.dll
0x73e50000 - 0x73e75000 	C:\WINDOWS\SYSTEM32\Wldp.dll
0x77460000 - 0x774e7000 	C:\WINDOWS\System32\SHCORE.dll
0x76340000 - 0x76385000 	C:\WINDOWS\System32\shlwapi.dll
0x73de0000 - 0x73df8000 	C:\WINDOWS\SYSTEM32\profapi.dll
0x6fbd0000 - 0x6fbd8000 	D:\SOFTWARE\jdk8\jre\bin\dt_socket.dll
0x15640000 - 0x159ea000 	C:\Program Files (x86)\Sangfor\SSL\ClientComponent3\SangforTcp.dll
0x76bd0000 - 0x76cb3000 	C:\WINDOWS\System32\ole32.dll
0x762a0000 - 0x76336000 	C:\WINDOWS\System32\OLEAUT32.dll
0x75b20000 - 0x75c1a000 	C:\WINDOWS\System32\CRYPT32.dll
0x73a80000 - 0x73ba4000 	C:\WINDOWS\SYSTEM32\MFC42.DLL
0x738d0000 - 0x73a78000 	C:\WINDOWS\SYSTEM32\urlmon.dll
0x73860000 - 0x738d0000 	C:\WINDOWS\SYSTEM32\MSVCP60.dll
0x75690000 - 0x756c2000 	C:\WINDOWS\SYSTEM32\iphlpapi.dll
0x74560000 - 0x749b6000 	C:\WINDOWS\SYSTEM32\WININET.dll
0x73600000 - 0x7361d000 	C:\WINDOWS\SYSTEM32\srvcli.dll
0x735f0000 - 0x735fb000 	C:\WINDOWS\SYSTEM32\netutils.dll
0x73620000 - 0x7384b000 	C:\WINDOWS\SYSTEM32\iertutil.dll
0x73590000 - 0x735e2000 	C:\WINDOWS\system32\mswsock.dll
0x75460000 - 0x755e8000 	C:\WINDOWS\SYSTEM32\dbghelp.dll
0x76da0000 - 0x76dff000 	C:\WINDOWS\System32\bcryptPrimitives.dll

VM Arguments:
jvm_args: -agentlib:jdwp=transport=dt_socket,address=127.0.0.1:13147,suspend=y,server=n -javaagent:C:\Users\jessi\.IdeaIC2018.2\system\captureAgent\debugger-agent.jar=file:/C:/Users/jessi/AppData/Local/Temp/capture.props -Dfile.encoding=UTF-8 
java_command: removeNthFromEnd$MainClass
java_class_path (initial): D:\SOFTWARE\jdk8\jre\lib\charsets.jar;D:\SOFTWARE\jdk8\jre\lib\deploy.jar;D:\SOFTWARE\jdk8\jre\lib\ext\access-bridge-32.jar;D:\SOFTWARE\jdk8\jre\lib\ext\cldrdata.jar;D:\SOFTWARE\jdk8\jre\lib\ext\dnsns.jar;D:\SOFTWARE\jdk8\jre\lib\ext\jaccess.jar;D:\SOFTWARE\jdk8\jre\lib\ext\jfxrt.jar;D:\SOFTWARE\jdk8\jre\lib\ext\localedata.jar;D:\SOFTWARE\jdk8\jre\lib\ext\nashorn.jar;D:\SOFTWARE\jdk8\jre\lib\ext\sunec.jar;D:\SOFTWARE\jdk8\jre\lib\ext\sunjce_provider.jar;D:\SOFTWARE\jdk8\jre\lib\ext\sunmscapi.jar;D:\SOFTWARE\jdk8\jre\lib\ext\sunpkcs11.jar;D:\SOFTWARE\jdk8\jre\lib\ext\zipfs.jar;D:\SOFTWARE\jdk8\jre\lib\javaws.jar;D:\SOFTWARE\jdk8\jre\lib\jce.jar;D:\SOFTWARE\jdk8\jre\lib\jfr.jar;D:\SOFTWARE\jdk8\jre\lib\jfxswt.jar;D:\SOFTWARE\jdk8\jre\lib\jsse.jar;D:\SOFTWARE\jdk8\jre\lib\management-agent.jar;D:\SOFTWARE\jdk8\jre\lib\plugin.jar;D:\SOFTWARE\jdk8\jre\lib\resources.jar;D:\SOFTWARE\jdk8\jre\lib\rt.jar;C:\Users\jessi\Documents\Lc_solution\out\production\Lc_solution1;D:\SOFTWARE\JetBrains\IntelliJ IDEA Community Edition 2018.2.2\lib\idea_rt.jar;C:\Users\jessi\.IdeaIC2018.2\system\captureAgent\debugger-agent.jar
Launcher Type: SUN_STANDARD

Environment Variables:
JAVA_HOME=D:\SOFTWARE\jdk8
CLASSPATH=C:\Program Files (x86)\thermo\eclipse\startup.jar
PATH=C:\Program Files (x86)\thermo\bin;C:\Program Files (x86)\thermo\eclipse;C:\Program Files (x86)\thermo\eclipse\plugins\com.apldbio.sds.experiment.genotyping_1.0.0\bin;C:\Program Files (x86)\thermo\eclipse\plugins\com.apldbio.sds.experiment.genotyping_1.0.0\bin\bin\win32;C:\Program Files (x86)\Common Files\Oracle\Java\javapath;C:\WINDOWS\system32;C:\WINDOWS;C:\WINDOWS\System32\Wbem;C:\WINDOWS\System32\WindowsPowerShell\v1.0\;C:\WINDOWS\System32\OpenSSH\;D:\SOFTWARE\jdk8;D:\SOFTWARE\apache-maven-3.6.1;D:\SOFTWARE\Ruby25-x64;C:\Users\jessi\anaconda3;C:\Users\jessi\anaconda3\Scripts;C:\Users\jessi\anaconda3\Library\bin;;C:\Program Files\JetBrains\PyCharm Community Edition 2020.3.3\bin;C:\Program Files\Git\bin;D:\SOFTWARE\Ruby25-x64\bin;C:\Ruby23-x64\bin;C:\Users\jessi\AppData\Local\Microsoft\WindowsApps;C:\Users\jessi\AppData\Local\Microsoft\WindowsApps;%PyCharm Community Edition%
USERNAME=jessi
OS=Windows_NT
PROCESSOR_IDENTIFIER=Intel64 Family 6 Model 78 Stepping 3, GenuineIntel



---------------  S Y S T E M  ---------------

OS: Windows 10.0 , 64 bit Build 19041 (10.0.19041.1348)

CPU:total 4 (initial active 4) (2 cores per cpu, 2 threads per core) family 6 model 78 stepping 3, cmov, cx8, fxsr, mmx, sse, sse2, sse3, ssse3, sse4.1, sse4.2, popcnt, avx, avx2, aes, clmul, erms, rtm, 3dnowpref, lzcnt, ht, tsc, tscinvbit, bmi1, bmi2, adx

Memory: 4k page, physical 8308060k(3272492k free), swap 9684316k(3710564k free)

vm_info: Java HotSpot(TM) Client VM (25.221-b11) for windows-x86 JRE (1.8.0_221-b11), built on Jul  4 2019 19:25:56 by "java_re" with MS VC++ 10.0 (VS2010)

time: Sat Jan 01 11:44:43 2022
timezone: 中国标准时间
elapsed time: 215 seconds (0d 0h 3m 35s)

